
Directory SYS$USERDISK:[RIVERA.STARWARS]

ANGLE.BAS;1         15-JUN-1982 11:42
ANGLE.DAT;10        15-JUN-1982 14:18
ANGLE2.BAS;3        15-JUN-1982 14:24
ANGLE2.DAT;1        15-JUN-1982 14:24
AVGROM.LDA;3        21-APR-1983 12:30
AVGROM.MAC;3        21-APR-1983 12:29
COIN69.MAC;36        3-JUN-1983 21:02
DIFF.COM;4          10-JUN-1983 21:31
DIRDATE.LIS;1       23-JUN-1983 20:19
DIRDIF.COM;4        10-JUN-1983 23:08
DIVTST.LDA;2        11-APR-1983 15:15
DIVTST.MAC;1         4-APR-1983 16:03
DLIST.DOC;2         23-JUN-1983 19:39
DPCOIN.MAC;3         5-APR-1983 12:35
HLL69F.MAC;4        19-APR-1983 15:21
JUN11O.LDA;1        11-JUN-1983 07:07
JUN11R.LDA;1        11-JUN-1983 07:06
JUN15O.LDA;1        15-JUN-1983 20:54
JUN15R.LDA;1        15-JUN-1983 20:51
JUN15S.LDA;1        23-JUN-1983 19:51
JUN22O.LDA;1        22-JUN-1983 02:13
JUN22R.LDA;1        22-JUN-1983 02:12
LED.LDA;2           11-APR-1983 15:16
LED.MAC;1            4-APR-1983 18:36
LINKIT.COM;8        11-JUN-1983 00:47
LST.DIR;1           23-JUN-1983 20:11
MACIT.COM;2         23-JUN-1983 18:34
MATEST.LDA;3        22-JUN-1983 20:41
MATEST.MAC;2        22-JUN-1983 20:40
MOP69.MAC;3         19-APR-1983 15:22
OBJ.DIR;1           23-JUN-1983 20:11
RAMTST.LDA;3        23-JUN-1983 19:15
RAMTST.MAC;3        23-JUN-1983 19:15
RAMTST.OBJ;2        23-JUN-1983 19:15
ROMIT.COM;13        22-JUN-1983 02:09
ROMIT.EDT;1         27-MAY-1983 14:31
SNDAUD.MAC;45       14-JUN-1983 18:28
SNDAUD.OBJ;1        23-JUN-1983 18:32
SNDAUX.LDA;98       23-JUN-1983 18:35
SNDAUX.LNK;17       14-JUN-1983 16:54
SNDAUX.MAC;52       15-JUN-1983 10:57
SNDAUX.MAP;10       15-JUN-1983 15:48
SNDAUX.OBJ;1        23-JUN-1983 18:33
SNDCMN.MAC;10        9-JUN-1983 14:58
SNDGLB.MAC;9         9-JUN-1983 23:02
SNDGLB.OBJ;1        23-JUN-1983 18:29
SNDMAC.COM;2        23-JUN-1983 18:25
SNDPBX.MAC;32        9-JUN-1983 22:59
SNDPM.MAC;16        15-JUN-1983 14:44
SNDPM.OBJ;1         23-JUN-1983 18:32
SNDSPK.MAC;33       10-JUN-1983 08:15
SNDSPK.OBJ;1        23-JUN-1983 18:33
SNDSUM.MAC;14       15-JUN-1983 15:48
SNDSUM.OBJ;1        23-JUN-1983 18:34
SNFILL.MAC;10       14-JUN-1983 17:22
SNFILL.OBJ;1        23-JUN-1983 18:34
SW2.DOC;1           14-APR-1983 12:56
SW3.DOC;16          22-JUN-1983 14:22
SW4.DOC;1            2-MAY-1983 16:39
SW5.DOC;5           16-MAY-1983 17:18
SWMAP.DOC;4         30-MAY-1983 19:33
SWMP.DOC;1           4-APR-1983 16:34
SWMP.LDA;1          11-APR-1983 16:39
SWMP.MAC;2          11-APR-1983 16:29
SWMUS.MAC;20        15-JUN-1983 14:41
SWMUS.OBJ;1         23-JUN-1983 18:31
SWMUS.SND;17        15-JUN-1983 14:41
SWOPTS.DOC;6        26-MAY-1983 17:02
SWSIG.DOC;4         10-JUN-1983 12:16
SWSTST.LDA;2        14-APR-1983 17:36
SWSTST.LNK;1        21-MAR-1983 15:57
SWSTST.MAC;2        14-APR-1983 17:35
SWTEXT.DOC;3        26-MAY-1983 16:49
SWVOC2.MAC;10        8-MAR-1983 14:05
SWVOC3.MAC;27       10-JUN-1983 07:49
SWVOC3.OBJ;1        23-JUN-1983 18:30
TCEROM.MAC;88       16-JUN-1983 16:04
TCEROM.OBJ;2        17-JUN-1983 16:54
TCHSCR.MAC;55       10-JUN-1983 00:13
TCHSCR.OBJ;1        16-JUN-1983 17:15
TCMES.MAC;181       10-JUN-1983 07:57
TCMES.OBJ;1         16-JUN-1983 17:22
TCODE2.MAC;2        11-APR-1983 16:32
TCSPLS.MAC;9        16-JUN-1983 15:33
TCSPLS.OBJ;1        16-JUN-1983 17:21
TCTEST.MAC;114      17-JUN-1983 16:37
TCTEST.OBJ;2        17-JUN-1983 16:38
TEST.DOC;47         23-JUN-1983 18:16
VGAN.MAC;1          16-JUN-1981 12:49
VGTST.LDA;2         11-APR-1983 15:21
VGTST.MAC;1          4-APR-1983 17:56
WARPWARS.DOC;5      24-MAY-1982 09:57
WSBASE.MAC;93       16-JUN-1983 16:19
WSBASE.OBJ;1        16-JUN-1983 17:03
WSCKSM.MAC;11       22-JUN-1983 00:40
WSCKSM.OBJ;3        22-JUN-1983 00:40
WSCOIN.MAC;14       25-MAY-1983 15:30
WSCOIN.OBJ;1        16-JUN-1983 17:21
WSCOMN.MAC;143      31-MAY-1983 20:28
WSCPU.MAC;71        16-JUN-1983 16:20
WSCPU.OBJ;1         16-JUN-1983 17:05
WSFIL0.MAC;15       10-JUN-1983 18:54
WSFIL0.OBJ;1        16-JUN-1983 17:03
WSFIL1.MAC;6        10-JUN-1983 18:54
WSFIL1.OBJ;1        16-JUN-1983 17:06
WSFIL2.MAC;9        11-JUN-1983 00:05
WSFIL2.OBJ;1        16-JUN-1983 17:10
WSFIL3.MAC;6        10-JUN-1983 18:56
WSFIL3.OBJ;1        16-JUN-1983 17:17
WSFIL4.MAC;11       15-JUN-1983 19:38
WSFIL4.OBJ;1        16-JUN-1983 17:26
WSFIL9.MAC;4        10-JUN-1983 18:47
WSFIL9.OBJ;1        16-JUN-1983 16:59
WSGAS.MAC;72        10-JUN-1983 03:55
WSGAS.OBJ;1         16-JUN-1983 17:06
WSGLOB.MAC;157      10-JUN-1983 22:20
WSGLOB.OBJ;2        16-JUN-1983 16:54
WSGLOW.MAC;22       16-JUN-1983 16:21
WSGLOW.OBJ;1        16-JUN-1983 17:06
WSGRND.MAC;115      21-JUN-1983 16:58
WSGRND.OBJ;2        21-JUN-1983 16:59
WSGUNS.MAC;130      16-JUN-1983 16:22
WSGUNS.OBJ;1        16-JUN-1983 17:08
WSINT.MAC;144       16-JUN-1983 16:23
WSINT.OBJ;2         17-JUN-1983 16:53
WSLAZR.MAC;77       16-JUN-1983 16:24
WSLAZR.OBJ;1        16-JUN-1983 17:09
WSMAIN.FUL;1        24-NOV-1982 11:53
WSMAIN.MAC;655      16-JUN-1983 16:30
WSMAIN.OBJ;1        16-JUN-1983 17:00
WSMATH.MAC;5        16-JUN-1983 16:31
WSMATH.OBJ;1        16-JUN-1983 17:16
WSOBJ.MAC;94        16-JUN-1983 16:32
WSOBJ.OBJ;1         16-JUN-1983 16:57
WSOVLX.LDA;5        22-JUN-1983 00:41
WSOVLX.LNK;2        10-JUN-1983 23:44
WSOVLX.MAP;5        22-JUN-1983 00:41
WSOVLY.LDA;4        22-JUN-1983 00:44
WSOVLY.LNK;14       10-JUN-1983 23:43
WSOVLY.MAC;6         1-JUN-1983 10:30
WSOVLY.MAP;4        22-JUN-1983 00:43
WSOVLY.OBJ;1        16-JUN-1983 16:56
WSPANL.MAC;59       16-JUN-1983 16:32
WSPANL.OBJ;1        16-JUN-1983 17:10
WSPROG.MAC;1         1-JUN-1983 10:26
WSPROG.OBJ;1        16-JUN-1983 16:56
WSROOT.LDA;4        22-JUN-1983 00:43
WSROOT.LNK;21       11-JUN-1983 00:02
WSROOT.MAC;2        31-MAY-1983 20:17
WSROOT.MAP;4        22-JUN-1983 00:42
WSROOT.OBJ;1        16-JUN-1983 17:16
WSSITE.MAC;31       25-MAY-1983 11:23
WSSITE.OBJ;1        16-JUN-1983 17:11
WSSTAR.MAC;35       16-JUN-1983 16:33
WSSTAR.OBJ;1        16-JUN-1983 17:00
WSSTUB.MAC;7        22-MAR-1983 12:00
WSSTUB.OBJ;1        16-JUN-1983 17:23
WSTEST.MAC;19       18-APR-1983 09:53
WSVCTR.MAC;5        31-MAY-1983 23:13
WSVGAN.MAC;7         5-JUN-1983 01:58
WSVGMC.MAC;2         5-JUN-1983 15:58
WSVROM.MAC;205       7-JUN-1983 19:03
WSVROM.OBJ;1        16-JUN-1983 17:17
WSXMT.MAC;4         26-MAY-1983 00:06
WSXMT.OBJ;1         16-JUN-1983 17:13
WSXPLD.MAC;41       16-JUN-1983 16:34
WSXPLD.OBJ;1        16-JUN-1983 17:12
XYSIG.MAC;9         26-MAY-1983 11:41

Total of 168 files, 3729 blocks.
